2019-12-02 15:09:02,386 - __main__ - INFO - Command line call: Namespace(drop_spurious=True, hla='all', input='data/raw/vdjdb/vdjdb-2019-08-08/vdjdb.txt', keep_specific_references=['10xgenomics'], mhc='all', output='data/interim/vdjdb-human-trb-10xonly.csv', species='human', specific_removal=None, specific_removal_references=None, tcr_chain='TRB')
2019-12-02 15:09:02,386 - __main__ - INFO - Filtering VDJdb data found at /media/pieter/DATA/Wetenschap/Doctoraat/projects/deepTCR/deepTCR/data/raw/vdjdb/vdjdb-2019-08-08/vdjdb.txt
2019-12-02 15:09:03,022 - __main__ - INFO - VDJdb dataset size is (75474, 21)
2019-12-02 15:09:08,416 - __main__ - INFO - Filtered down to 44378 TRB entries...
2019-12-02 15:09:08,448 - __main__ - INFO - Filtered down to 39771 human entries...
2019-12-02 15:09:08,473 - __main__ - INFO - Filtered down to 39302 non-spurious entries...
2019-12-02 15:09:08,474 - __main__ - INFO - Not filtering on MHC class...
2019-12-02 15:09:08,474 - __main__ - INFO - Not filtering on HLA type...
2019-12-02 15:09:08,474 - __main__ - INFO - Not removing any specific epitope-reference combination entries...
2019-12-02 15:09:08,474 - __main__ - INFO - Not removing any specific reference entries...
2019-12-02 15:09:08,475 - __main__ - INFO - Not filtering on specific reference entries...
2019-12-02 15:09:08,511 - __main__ - INFO - Removing 6663 duplicate CDR3-epitope pairs.
2019-12-02 15:09:08,511 - __main__ - INFO - Filtered dataset contains 32639 entries.
2019-12-02 15:09:08,962 - __main__ - INFO - Saved processed dataset to /media/pieter/DATA/Wetenschap/Doctoraat/projects/deepTCR/deepTCR/data/interim/vdjdb-human-trb-10xonly.csv.
2019-12-02 15:09:51,836 - __main__ - INFO - Command line call: Namespace(drop_spurious=True, hla='all', input='data/raw/vdjdb/vdjdb-2019-08-08/vdjdb.txt', keep_specific_references=['10xgenomics'], mhc='all', output='data/interim/vdjdb-human-trb-10xonly.csv', species='human', specific_removal=None, specific_removal_references=None, tcr_chain='TRB')
2019-12-02 15:09:51,837 - __main__ - INFO - Filtering VDJdb data found at /media/pieter/DATA/Wetenschap/Doctoraat/projects/deepTCR/deepTCR/data/raw/vdjdb/vdjdb-2019-08-08/vdjdb.txt
2019-12-02 15:09:52,431 - __main__ - INFO - VDJdb dataset size is (75474, 21)
2019-12-02 15:09:58,251 - __main__ - INFO - Filtered down to 44378 TRB entries...
2019-12-02 15:09:58,302 - __main__ - INFO - Filtered down to 39771 human entries...
2019-12-02 15:09:58,338 - __main__ - INFO - Filtered down to 39302 non-spurious entries...
2019-12-02 15:09:58,338 - __main__ - INFO - Not filtering on MHC class...
2019-12-02 15:09:58,338 - __main__ - INFO - Not filtering on HLA type...
2019-12-02 15:09:58,338 - __main__ - INFO - Not removing any specific epitope-reference combination entries...
2019-12-02 15:09:58,339 - __main__ - INFO - Not removing any specific reference entries...
2019-12-02 15:09:58,339 - __main__ - INFO - Not filtering on specific reference entries...
2019-12-02 15:09:58,377 - __main__ - INFO - Removing 6663 duplicate CDR3-epitope pairs.
2019-12-02 15:09:58,377 - __main__ - INFO - Filtered dataset contains 32639 entries.
2019-12-02 15:09:58,789 - __main__ - INFO - Saved processed dataset to /media/pieter/DATA/Wetenschap/Doctoraat/projects/deepTCR/deepTCR/data/interim/vdjdb-human-trb-10xonly.csv.
2019-12-02 15:10:33,110 - __main__ - INFO - Command line call: Namespace(drop_spurious=True, hla='all', input='data/raw/vdjdb/vdjdb-2019-08-08/vdjdb.txt', keep_specific_references=['10xgenomics'], mhc='all', output='data/interim/vdjdb-human-trb-10xonly.csv', species='human', specific_removal=None, specific_removal_references=None, tcr_chain='TRB')
2019-12-02 15:10:33,110 - __main__ - INFO - Filtering VDJdb data found at /media/pieter/DATA/Wetenschap/Doctoraat/projects/deepTCR/deepTCR/data/raw/vdjdb/vdjdb-2019-08-08/vdjdb.txt
2019-12-02 15:10:33,688 - __main__ - INFO - VDJdb dataset size is (75474, 21)
2019-12-02 15:10:39,085 - __main__ - INFO - Filtered down to 44378 TRB entries...
2019-12-02 15:10:39,116 - __main__ - INFO - Filtered down to 39771 human entries...
2019-12-02 15:10:39,140 - __main__ - INFO - Filtered down to 39302 non-spurious entries...
2019-12-02 15:10:39,141 - __main__ - INFO - Not filtering on MHC class...
2019-12-02 15:10:39,141 - __main__ - INFO - Not filtering on HLA type...
2019-12-02 15:10:39,141 - __main__ - INFO - Not removing any specific epitope-reference combination entries...
2019-12-02 15:10:39,141 - __main__ - INFO - Not removing any specific reference entries...
2019-12-02 15:10:39,141 - __main__ - INFO - Not filtering on specific reference entries...
2019-12-02 15:10:39,177 - __main__ - INFO - Removing 6663 duplicate CDR3-epitope pairs.
2019-12-02 15:10:39,177 - __main__ - INFO - Filtered dataset contains 32639 entries.
2019-12-02 15:10:39,597 - __main__ - INFO - Saved processed dataset to /media/pieter/DATA/Wetenschap/Doctoraat/projects/deepTCR/deepTCR/data/interim/vdjdb-human-trb-10xonly.csv.
2019-12-02 15:10:49,151 - __main__ - INFO - Command line call: Namespace(drop_spurious=True, hla='all', input='data/raw/vdjdb/vdjdb-2019-08-08/vdjdb.txt', keep_specific_references=['10xgenomics'], mhc='all', output='data/interim/vdjdb-human-trb-10xonly.csv', species='human', specific_removal=None, specific_removal_references=None, tcr_chain='TRB')
2019-12-02 15:10:49,152 - __main__ - INFO - Filtering VDJdb data found at /media/pieter/DATA/Wetenschap/Doctoraat/projects/deepTCR/deepTCR/data/raw/vdjdb/vdjdb-2019-08-08/vdjdb.txt
2019-12-02 15:10:49,770 - __main__ - INFO - VDJdb dataset size is (75474, 21)
2019-12-02 15:10:55,247 - __main__ - INFO - Filtered down to 44378 TRB entries...
2019-12-02 15:10:55,279 - __main__ - INFO - Filtered down to 39771 human entries...
2019-12-02 15:10:55,304 - __main__ - INFO - Filtered down to 39302 non-spurious entries...
2019-12-02 15:10:55,304 - __main__ - INFO - Not filtering on MHC class...
2019-12-02 15:10:55,304 - __main__ - INFO - Not filtering on HLA type...
2019-12-02 15:10:55,304 - __main__ - INFO - Not removing any specific epitope-reference combination entries...
2019-12-02 15:10:55,304 - __main__ - INFO - Not removing any specific reference entries...
2019-12-02 15:10:55,305 - __main__ - INFO - Not filtering on specific reference entries...
2019-12-02 15:10:55,339 - __main__ - INFO - Removing 6663 duplicate CDR3-epitope pairs.
2019-12-02 15:10:55,340 - __main__ - INFO - Filtered dataset contains 32639 entries.
2019-12-02 15:10:55,749 - __main__ - INFO - Saved processed dataset to /media/pieter/DATA/Wetenschap/Doctoraat/projects/deepTCR/deepTCR/data/interim/vdjdb-human-trb-10xonly.csv.
2019-12-02 15:11:26,467 - __main__ - INFO - Command line call: Namespace(drop_spurious=True, hla='all', input='data/raw/vdjdb/vdjdb-2019-08-08/vdjdb.txt', keep_specific_references=['10xgenomics'], mhc='all', output='data/interim/vdjdb-human-trb-10xonly.csv', species='human', specific_removal=None, specific_removal_references=None, tcr_chain='TRB')
2019-12-02 15:11:26,468 - __main__ - INFO - Filtering VDJdb data found at /media/pieter/DATA/Wetenschap/Doctoraat/projects/deepTCR/deepTCR/data/raw/vdjdb/vdjdb-2019-08-08/vdjdb.txt
2019-12-02 15:11:27,101 - __main__ - INFO - VDJdb dataset size is (75474, 21)
2019-12-02 15:11:32,811 - __main__ - INFO - Filtered down to 44378 TRB entries...
2019-12-02 15:11:32,843 - __main__ - INFO - Filtered down to 39771 human entries...
2019-12-02 15:11:32,866 - __main__ - INFO - Filtered down to 39302 non-spurious entries...
2019-12-02 15:11:32,867 - __main__ - INFO - Not filtering on MHC class...
2019-12-02 15:11:32,867 - __main__ - INFO - Not filtering on HLA type...
2019-12-02 15:11:32,867 - __main__ - INFO - Not removing any specific epitope-reference combination entries...
2019-12-02 15:11:32,867 - __main__ - INFO - Not removing any specific reference entries...
2019-12-02 15:11:32,892 - __main__ - INFO - Filtered on specific entries with reference(s) ['10xgenomics'], resulting in 20291 remaining entries...
2019-12-02 15:11:32,902 - __main__ - INFO - Removing 3009 duplicate CDR3-epitope pairs.
2019-12-02 15:11:32,903 - __main__ - INFO - Filtered dataset contains 17282 entries.
2019-12-02 15:11:33,136 - __main__ - INFO - Saved processed dataset to /media/pieter/DATA/Wetenschap/Doctoraat/projects/deepTCR/deepTCR/data/interim/vdjdb-human-trb-10xonly.csv.
2019-12-02 15:11:52,578 - __main__ - INFO - Command line call: Namespace(drop_spurious=True, hla='all', input='data/raw/vdjdb/vdjdb-2019-08-08/vdjdb.txt', keep_specific_references=['10xgenomics'], mhc='MHCI', output='data/interim/vdjdb-human-trb-10xonly.csv', species='human', specific_removal=None, specific_removal_references=None, tcr_chain='TRB')
2019-12-02 15:11:52,579 - __main__ - INFO - Filtering VDJdb data found at /media/pieter/DATA/Wetenschap/Doctoraat/projects/deepTCR/deepTCR/data/raw/vdjdb/vdjdb-2019-08-08/vdjdb.txt
2019-12-02 15:11:53,145 - __main__ - INFO - VDJdb dataset size is (75474, 21)
2019-12-02 15:11:58,782 - __main__ - INFO - Filtered down to 44378 TRB entries...
2019-12-02 15:11:58,811 - __main__ - INFO - Filtered down to 39771 human entries...
2019-12-02 15:11:58,835 - __main__ - INFO - Filtered down to 39302 non-spurious entries...
2019-12-02 15:11:58,861 - __main__ - INFO - Filtered down to 37922 MHCI entries...
2019-12-02 15:11:58,861 - __main__ - INFO - Not filtering on HLA type...
2019-12-02 15:11:58,861 - __main__ - INFO - Not removing any specific epitope-reference combination entries...
2019-12-02 15:11:58,861 - __main__ - INFO - Not removing any specific reference entries...
2019-12-02 15:11:58,888 - __main__ - INFO - Filtered on specific entries with reference(s) ['10xgenomics'], resulting in 20291 remaining entries...
2019-12-02 15:11:58,898 - __main__ - INFO - Removing 3009 duplicate CDR3-epitope pairs.
2019-12-02 15:11:58,899 - __main__ - INFO - Filtered dataset contains 17282 entries.
2019-12-02 15:11:59,130 - __main__ - INFO - Saved processed dataset to /media/pieter/DATA/Wetenschap/Doctoraat/projects/deepTCR/deepTCR/data/interim/vdjdb-human-trb-10xonly.csv.
2019-12-02 15:12:12,265 - __main__ - INFO - Command line call: Namespace(drop_spurious=True, hla='all', input='data/raw/vdjdb/vdjdb-2019-08-08/vdjdb.txt', keep_specific_references=['10xgenomics'], mhc='all', output='data/interim/vdjdb-human-trb-10xonly.csv', species='human', specific_removal=None, specific_removal_references=None, tcr_chain='TRB')
2019-12-02 15:12:12,266 - __main__ - INFO - Filtering VDJdb data found at /media/pieter/DATA/Wetenschap/Doctoraat/projects/deepTCR/deepTCR/data/raw/vdjdb/vdjdb-2019-08-08/vdjdb.txt
2019-12-02 15:12:12,919 - __main__ - INFO - VDJdb dataset size is (75474, 21)
2019-12-02 15:12:18,518 - __main__ - INFO - Filtered down to 44378 TRB entries...
2019-12-02 15:12:18,550 - __main__ - INFO - Filtered down to 39771 human entries...
2019-12-02 15:12:18,575 - __main__ - INFO - Filtered down to 39302 non-spurious entries...
2019-12-02 15:12:18,575 - __main__ - INFO - Not filtering on MHC class...
2019-12-02 15:12:18,575 - __main__ - INFO - Not filtering on HLA type...
2019-12-02 15:12:18,575 - __main__ - INFO - Not removing any specific epitope-reference combination entries...
2019-12-02 15:12:18,576 - __main__ - INFO - Not removing any specific reference entries...
2019-12-02 15:12:18,601 - __main__ - INFO - Filtered on specific entries with reference(s) ['10xgenomics'], resulting in 20291 remaining entries...
2019-12-02 15:12:18,613 - __main__ - INFO - Removing 3009 duplicate CDR3-epitope pairs.
2019-12-02 15:12:18,613 - __main__ - INFO - Filtered dataset contains 17282 entries.
2019-12-02 15:12:18,836 - __main__ - INFO - Saved processed dataset to /media/pieter/DATA/Wetenschap/Doctoraat/projects/deepTCR/deepTCR/data/interim/vdjdb-human-trb-10xonly.csv.
