2020-06-13 20:34:16,999 - __main__ - INFO - Command line call: Namespace(downsample=None, drop_spurious=True, hla='all', input='data/raw/vdjdb/vdjdb-2019-08-08/vdjdb.txt', keep_specific_epitopes=None, keep_specific_references=None, length_restriction=['10', '20', '8', '11'], mhc='MHCI', middle_only=False, middle_replaced=None, output='data/interim/vdjdb-2019-08-08/vdjdb-human-trb-mhci-no10x-size-terminal-replaced.csv', species='human', specific_removal_epitope_reference=None, specific_removal_references=['10xgenomics'], tcr_chain='TRB', terminal_only=False, terminal_replaced='G')
2020-06-13 20:34:17,000 - __main__ - INFO - Filtering VDJdb data found at /media/pieter/DATA/Wetenschap/Doctoraat/projects/deepTCR/deepTCR/data/raw/vdjdb/vdjdb-2019-08-08/vdjdb.txt
2020-06-13 20:34:17,704 - __main__ - INFO - VDJdb dataset size is (75474, 21)
2020-06-13 20:34:24,221 - __main__ - INFO - Filtered down to 44378 TRB entries...
2020-06-13 20:34:24,268 - __main__ - INFO - Filtered down to 39771 human entries...
2020-06-13 20:34:24,306 - __main__ - INFO - Filtered down to 39302 non-spurious entries...
2020-06-13 20:34:24,347 - __main__ - INFO - Filtered down to 37922 MHCI entries...
2020-06-13 20:34:24,347 - __main__ - INFO - Not filtering on HLA type...
2020-06-13 20:34:24,347 - __main__ - INFO - Not removing any specific epitope-reference combination entries...
2020-06-13 20:34:24,398 - __main__ - INFO - Removed specific entries with reference(s) ['10xgenomics'], resulting in 17631 remaining entries...
2020-06-13 20:34:24,398 - __main__ - INFO - Not filtering on specific reference entries...
2020-06-13 20:34:24,454 - __main__ - INFO - Filtered on provided length restrictions (10<=CDR3<=20, 8<=epitope<=11), resulting in 17519 remaining entries...
2020-06-13 20:34:24,478 - __main__ - INFO - Removing 3331 duplicate CDR3-epitope pairs.
2020-06-13 20:34:24,478 - __main__ - INFO - Filtered dataset contains 14188 entries.
2020-06-13 20:34:24,759 - __main__ - INFO - Removing 67 duplicate CDR3-epitope pairs that were introduced after trimming or replacing middle/terminal amino acids in the CDR3 sequence.
2020-06-13 20:34:24,759 - __main__ - INFO - Filtered dataset contains 14121 entries.
2020-06-13 20:34:25,135 - matplotlib.legend - WARNING - No handles with labels found to put in legend.
2020-06-13 20:34:25,135 - matplotlib.legend - WARNING - No handles with labels found to put in legend.
2020-06-13 20:34:27,374 - matplotlib.backends.backend_pdf - WARNING - 'SourceSansPro-Bold.otf' can not be subsetted into a Type 3 font. The entire font will be embedded in the output.
2020-06-13 20:34:27,397 - matplotlib.backends.backend_pdf - WARNING - 'SourceSansPro-Regular.otf' can not be subsetted into a Type 3 font. The entire font will be embedded in the output.
2020-06-13 20:34:29,356 - __main__ - INFO - Saved processed full dataset to /media/pieter/DATA/Wetenschap/Doctoraat/projects/deepTCR/deepTCR/data/interim/vdjdb-2019-08-08/vdjdb-human-trb-mhci-no10x-size-terminal-replaced.csv.
2020-06-13 20:34:29,403 - __main__ - INFO - Saved processed CDR3-epitope dataset to /media/pieter/DATA/Wetenschap/Doctoraat/projects/deepTCR/deepTCR/data/interim/vdjdb-2019-08-08/vdjdb-human-trb-mhci-no10x-size-terminal-replaced.csv.
