2020-05-25 09:56:14,628 - __main__ - INFO - Command line call: Namespace(downsample=['NLVPMVATV', '0.84', 'GILGFVFTL', '0.80'], drop_spurious=True, hla='all', input='data/raw/vdjdb/vdjdb-2019-08-08/vdjdb.txt', keep_specific_epitopes=None, keep_specific_references=None, length_restriction=['10', '20', '8', '11'], mhc='MHCI', middle_only=True, middle_replaced=None, output='data/interim/vdjdb-2019-08-08/vdjdb-human-trb-mhci-no10x-size-middle-only-down.csv', species='human', specific_removal_epitope_reference=None, specific_removal_references=['10xgenomics'], tcr_chain='TRB', terminal_only=False, terminal_replaced=None)
2020-05-25 09:56:14,628 - __main__ - INFO - Filtering VDJdb data found at /media/pieter/DATA/Wetenschap/Doctoraat/projects/deepTCR/deepTCR/data/raw/vdjdb/vdjdb-2019-08-08/vdjdb.txt
2020-05-25 09:56:15,346 - __main__ - INFO - VDJdb dataset size is (75474, 21)
2020-05-25 09:56:21,509 - __main__ - INFO - Filtered down to 44378 TRB entries...
2020-05-25 09:56:21,550 - __main__ - INFO - Filtered down to 39771 human entries...
2020-05-25 09:56:21,584 - __main__ - INFO - Filtered down to 39302 non-spurious entries...
2020-05-25 09:56:21,621 - __main__ - INFO - Filtered down to 37922 MHCI entries...
2020-05-25 09:56:21,621 - __main__ - INFO - Not filtering on HLA type...
2020-05-25 09:56:21,621 - __main__ - INFO - Not removing any specific epitope-reference combination entries...
2020-05-25 09:56:21,652 - __main__ - INFO - Removed specific entries with reference(s) ['10xgenomics'], resulting in 17631 remaining entries...
2020-05-25 09:56:21,652 - __main__ - INFO - Not filtering on specific reference entries...
2020-05-25 09:56:21,689 - __main__ - INFO - Filtered on provided length restrictions (10<=CDR3<=20, 8<=epitope<=11), resulting in 17519 remaining entries...
2020-05-25 09:56:21,712 - __main__ - INFO - Removed 0.84 NLVPMVATV observations.
2020-05-25 09:56:21,738 - __main__ - INFO - Removed 0.8 GILGFVFTL observations.
2020-05-25 09:56:21,738 - __main__ - INFO - After downsampling, there are 10655 remaining entries...
2020-05-25 09:56:21,745 - __main__ - INFO - Removing 2361 duplicate CDR3-epitope pairs.
2020-05-25 09:56:21,746 - __main__ - INFO - Filtered dataset contains 8294 entries.
2020-05-25 09:56:21,874 - __main__ - INFO - Removing 31 duplicate CDR3-epitope pairs that were introduced after trimming or replacing middle/terminal amino acids in the CDR3 sequence.
2020-05-25 09:56:21,874 - __main__ - INFO - Filtered dataset contains 8263 entries.
2020-05-25 09:56:21,928 - __main__ - INFO - Saved processed dataset to /media/pieter/DATA/Wetenschap/Doctoraat/projects/deepTCR/deepTCR/data/interim/vdjdb-2019-08-08/vdjdb-human-trb-mhci-no10x-size-middle-only-down.csv.
