2019-11-27 14:37:50,960 - __main__ - INFO - Command line call: Namespace(drop_spurious=True, hla='all', input='data/raw/vdjdb/vdjdb-2019-08-08/vdjdb.txt', mhc='all', output='data/interim/vdjdb-human-trb-no10x.csv', species='human', specific_removal=None, specific_removal_references=['10xgenomics'], tcr_chain='TRB')
2019-11-27 14:37:50,961 - __main__ - INFO - Filtering VDJdb data found at /media/pieter/DATA/Wetenschap/Doctoraat/projects/deepTCR/deepTCR/data/raw/vdjdb/vdjdb-2019-08-08/vdjdb.txt
2019-11-27 14:37:51,513 - __main__ - INFO - VDJdb dataset size is (75474, 21)
2019-11-27 14:37:56,518 - __main__ - INFO - Filtered down to 44378 TRB entries...
2019-11-27 14:37:56,554 - __main__ - INFO - Filtered down to 39771 human entries...
2019-11-27 14:37:56,576 - __main__ - INFO - Filtered down to 39302 non-spurious entries...
2019-11-27 14:37:56,576 - __main__ - INFO - Not filtering on MHC class...
2019-11-27 14:37:56,576 - __main__ - INFO - Not filtering on HLA type...
2019-11-27 14:37:56,577 - __main__ - INFO - Not filtering on specific epitope-reference entries...
2019-11-27 14:39:46,206 - __main__ - INFO - Command line call: Namespace(drop_spurious=True, hla='all', input='data/raw/vdjdb/vdjdb-2019-08-08/vdjdb.txt', mhc='all', output='data/interim/vdjdb-human-trb-no10x.csv', species='human', specific_removal=None, specific_removal_references=['10xgenomics'], tcr_chain='TRB')
2019-11-27 14:39:46,206 - __main__ - INFO - Filtering VDJdb data found at /media/pieter/DATA/Wetenschap/Doctoraat/projects/deepTCR/deepTCR/data/raw/vdjdb/vdjdb-2019-08-08/vdjdb.txt
2019-11-27 14:39:46,768 - __main__ - INFO - VDJdb dataset size is (75474, 21)
2019-11-27 14:39:51,839 - __main__ - INFO - Filtered down to 44378 TRB entries...
2019-11-27 14:39:51,876 - __main__ - INFO - Filtered down to 39771 human entries...
2019-11-27 14:39:51,897 - __main__ - INFO - Filtered down to 39302 non-spurious entries...
2019-11-27 14:39:51,898 - __main__ - INFO - Not filtering on MHC class...
2019-11-27 14:39:51,899 - __main__ - INFO - Not filtering on HLA type...
2019-11-27 14:39:51,899 - __main__ - INFO - Not filtering on specific epitope-reference entries...
2019-11-27 14:40:46,050 - __main__ - INFO - Command line call: Namespace(drop_spurious=True, hla='all', input='data/raw/vdjdb/vdjdb-2019-08-08/vdjdb.txt', mhc='all', output='data/interim/vdjdb-human-trb-no10x.csv', species='human', specific_removal=None, specific_removal_references=['10xgenomics'], tcr_chain='TRB')
2019-11-27 14:40:46,050 - __main__ - INFO - Filtering VDJdb data found at /media/pieter/DATA/Wetenschap/Doctoraat/projects/deepTCR/deepTCR/data/raw/vdjdb/vdjdb-2019-08-08/vdjdb.txt
2019-11-27 14:40:46,596 - __main__ - INFO - VDJdb dataset size is (75474, 21)
2019-11-27 14:40:51,670 - __main__ - INFO - Filtered down to 44378 TRB entries...
2019-11-27 14:40:51,705 - __main__ - INFO - Filtered down to 39771 human entries...
2019-11-27 14:40:51,731 - __main__ - INFO - Filtered down to 39302 non-spurious entries...
2019-11-27 14:40:51,731 - __main__ - INFO - Not filtering on MHC class...
2019-11-27 14:40:51,731 - __main__ - INFO - Not filtering on HLA type...
2019-11-27 14:40:51,732 - __main__ - INFO - Not filtering on specific epitope-reference entries...
2019-11-27 14:40:51,764 - __main__ - INFO - Removed specific entries with reference(s) ['10xgenomics'], resulting in 19011 remaining entries...
2019-11-27 14:40:51,775 - __main__ - INFO - Removing 3504 duplicate CDR3-epitope pairs.
2019-11-27 14:40:51,775 - __main__ - INFO - Filtered dataset contains 15507 entries.
2019-11-27 14:40:51,965 - __main__ - INFO - Saved processed dataset to /media/pieter/DATA/Wetenschap/Doctoraat/projects/deepTCR/deepTCR/data/interim/vdjdb-human-trb-no10x.csv.
