2020-06-13 20:34:00,671 - __main__ - INFO - Command line call: Namespace(downsample=['NLVPMVATV', '1000', 'GILGFVFTL', '1000'], drop_spurious=True, hla='all', input='data/raw/vdjdb/vdjdb-2019-08-08/vdjdb.txt', keep_specific_epitopes=None, keep_specific_references=None, length_restriction=['10', '20', '8', '11'], mhc='MHCI', middle_only=False, middle_replaced=None, output='data/interim/vdjdb-2019-08-08/vdjdb-human-tra-trb-mhci-no10x-size-down.csv', species='human', specific_removal_epitope_reference=None, specific_removal_references=['10xgenomics'], tcr_chain='all', terminal_only=False, terminal_replaced=None)
2020-06-13 20:34:00,671 - __main__ - INFO - Filtering VDJdb data found at /media/pieter/DATA/Wetenschap/Doctoraat/projects/deepTCR/deepTCR/data/raw/vdjdb/vdjdb-2019-08-08/vdjdb.txt
2020-06-13 20:34:01,397 - __main__ - INFO - VDJdb dataset size is (75474, 21)
2020-06-13 20:34:07,835 - __main__ - INFO - Not filtering on TCR chain...
2020-06-13 20:34:07,904 - __main__ - INFO - Filtered down to 68506 human entries...
2020-06-13 20:34:07,961 - __main__ - INFO - Filtered down to 66597 non-spurious entries...
2020-06-13 20:34:08,027 - __main__ - INFO - Filtered down to 64386 MHCI entries...
2020-06-13 20:34:08,027 - __main__ - INFO - Not filtering on HLA type...
2020-06-13 20:34:08,027 - __main__ - INFO - Not removing any specific epitope-reference combination entries...
2020-06-13 20:34:08,080 - __main__ - INFO - Removed specific entries with reference(s) ['10xgenomics'], resulting in 24513 remaining entries...
2020-06-13 20:34:08,080 - __main__ - INFO - Not filtering on specific reference entries...
2020-06-13 20:34:08,168 - __main__ - INFO - Filtered on provided length restrictions (10<=CDR3<=20, 8<=epitope<=11), resulting in 24294 remaining entries...
2020-06-13 20:34:08,210 - __main__ - INFO - Removing 4452 duplicate CDR3-epitope pairs.
2020-06-13 20:34:08,211 - __main__ - INFO - Filtered dataset contains 19842 entries.
2020-06-13 20:34:08,247 - __main__ - INFO - Filtered down to 1000 NLVPMVATV observations, after removing 5452.
2020-06-13 20:34:08,275 - __main__ - INFO - Filtered down to 1000 GILGFVFTL observations, after removing 4289.
2020-06-13 20:34:08,275 - __main__ - INFO - After downsampling, there are 10101 remaining entries...
2020-06-13 20:34:08,885 - matplotlib.legend - WARNING - No handles with labels found to put in legend.
2020-06-13 20:34:08,885 - matplotlib.legend - WARNING - No handles with labels found to put in legend.
2020-06-13 20:34:11,263 - matplotlib.backends.backend_pdf - WARNING - 'SourceSansPro-Bold.otf' can not be subsetted into a Type 3 font. The entire font will be embedded in the output.
2020-06-13 20:34:11,285 - matplotlib.backends.backend_pdf - WARNING - 'SourceSansPro-Regular.otf' can not be subsetted into a Type 3 font. The entire font will be embedded in the output.
2020-06-13 20:34:13,198 - __main__ - INFO - Saved processed full dataset to /media/pieter/DATA/Wetenschap/Doctoraat/projects/deepTCR/deepTCR/data/interim/vdjdb-2019-08-08/vdjdb-human-tra-trb-mhci-no10x-size-down.csv.
2020-06-13 20:34:13,229 - __main__ - INFO - Saved processed CDR3-epitope dataset to /media/pieter/DATA/Wetenschap/Doctoraat/projects/deepTCR/deepTCR/data/interim/vdjdb-2019-08-08/vdjdb-human-tra-trb-mhci-no10x-size-down.csv.
