2020-06-13 20:32:53,879 - __main__ - INFO - Command line call: Namespace(downsample=None, drop_spurious=True, hla='all', input='data/raw/vdjdb/vdjdb-2019-08-08/vdjdb.txt', keep_specific_epitopes=None, keep_specific_references=None, length_restriction=['10', '20', '8', '11'], mhc='MHCI', middle_only=False, middle_replaced=None, output='data/interim/vdjdb-2019-08-08/vdjdb-human-trb-mhci-no10x-size.csv', species='human', specific_removal_epitope_reference=None, specific_removal_references=['10xgenomics'], tcr_chain='TRB', terminal_only=False, terminal_replaced=None)
2020-06-13 20:32:53,880 - __main__ - INFO - Filtering VDJdb data found at /media/pieter/DATA/Wetenschap/Doctoraat/projects/deepTCR/deepTCR/data/raw/vdjdb/vdjdb-2019-08-08/vdjdb.txt
2020-06-13 20:32:54,585 - __main__ - INFO - VDJdb dataset size is (75474, 21)
2020-06-13 20:33:01,043 - __main__ - INFO - Filtered down to 44378 TRB entries...
2020-06-13 20:33:01,088 - __main__ - INFO - Filtered down to 39771 human entries...
2020-06-13 20:33:01,125 - __main__ - INFO - Filtered down to 39302 non-spurious entries...
2020-06-13 20:33:01,162 - __main__ - INFO - Filtered down to 37922 MHCI entries...
2020-06-13 20:33:01,162 - __main__ - INFO - Not filtering on HLA type...
2020-06-13 20:33:01,162 - __main__ - INFO - Not removing any specific epitope-reference combination entries...
2020-06-13 20:33:01,196 - __main__ - INFO - Removed specific entries with reference(s) ['10xgenomics'], resulting in 17631 remaining entries...
2020-06-13 20:33:01,196 - __main__ - INFO - Not filtering on specific reference entries...
2020-06-13 20:33:01,243 - __main__ - INFO - Filtered on provided length restrictions (10<=CDR3<=20, 8<=epitope<=11), resulting in 17519 remaining entries...
2020-06-13 20:33:01,264 - __main__ - INFO - Removing 3331 duplicate CDR3-epitope pairs.
2020-06-13 20:33:01,264 - __main__ - INFO - Filtered dataset contains 14188 entries.
2020-06-13 20:33:01,903 - matplotlib.legend - WARNING - No handles with labels found to put in legend.
2020-06-13 20:33:01,903 - matplotlib.legend - WARNING - No handles with labels found to put in legend.
2020-06-13 20:33:04,052 - matplotlib.backends.backend_pdf - WARNING - 'SourceSansPro-Bold.otf' can not be subsetted into a Type 3 font. The entire font will be embedded in the output.
2020-06-13 20:33:04,072 - matplotlib.backends.backend_pdf - WARNING - 'SourceSansPro-Regular.otf' can not be subsetted into a Type 3 font. The entire font will be embedded in the output.
2020-06-13 20:33:05,991 - __main__ - INFO - Saved processed full dataset to /media/pieter/DATA/Wetenschap/Doctoraat/projects/deepTCR/deepTCR/data/interim/vdjdb-2019-08-08/vdjdb-human-trb-mhci-no10x-size.csv.
2020-06-13 20:33:06,028 - __main__ - INFO - Saved processed CDR3-epitope dataset to /media/pieter/DATA/Wetenschap/Doctoraat/projects/deepTCR/deepTCR/data/interim/vdjdb-2019-08-08/vdjdb-human-trb-mhci-no10x-size.csv.
