2020-06-13 20:33:48,089 - __main__ - INFO - Command line call: Namespace(downsample=['NLVPMVATV', '300', 'GILGFVFTL', '300'], drop_spurious=True, hla='all', input='data/raw/vdjdb/vdjdb-2019-08-08/vdjdb.txt', keep_specific_epitopes=None, keep_specific_references=None, length_restriction=['10', '20', '8', '11'], mhc='MHCI', middle_only=False, middle_replaced=None, output='data/interim/vdjdb-2019-08-08/vdjdb-human-tra-mhci-no10x-size-down.csv', species='human', specific_removal_epitope_reference=None, specific_removal_references=['10xgenomics'], tcr_chain='TRA', terminal_only=False, terminal_replaced=None)
2020-06-13 20:33:48,090 - __main__ - INFO - Filtering VDJdb data found at /media/pieter/DATA/Wetenschap/Doctoraat/projects/deepTCR/deepTCR/data/raw/vdjdb/vdjdb-2019-08-08/vdjdb.txt
2020-06-13 20:33:48,795 - __main__ - INFO - VDJdb dataset size is (75474, 21)
2020-06-13 20:33:55,305 - __main__ - INFO - Filtered down to 31096 TRA entries...
2020-06-13 20:33:55,335 - __main__ - INFO - Filtered down to 28735 human entries...
2020-06-13 20:33:55,361 - __main__ - INFO - Filtered down to 27295 non-spurious entries...
2020-06-13 20:33:55,390 - __main__ - INFO - Filtered down to 26464 MHCI entries...
2020-06-13 20:33:55,390 - __main__ - INFO - Not filtering on HLA type...
2020-06-13 20:33:55,390 - __main__ - INFO - Not removing any specific epitope-reference combination entries...
2020-06-13 20:33:55,413 - __main__ - INFO - Removed specific entries with reference(s) ['10xgenomics'], resulting in 6882 remaining entries...
2020-06-13 20:33:55,413 - __main__ - INFO - Not filtering on specific reference entries...
2020-06-13 20:33:55,431 - __main__ - INFO - Filtered on provided length restrictions (10<=CDR3<=20, 8<=epitope<=11), resulting in 6775 remaining entries...
2020-06-13 20:33:55,444 - __main__ - INFO - Removing 1121 duplicate CDR3-epitope pairs.
2020-06-13 20:33:55,444 - __main__ - INFO - Filtered dataset contains 5654 entries.
2020-06-13 20:33:55,456 - __main__ - INFO - Filtered down to 300 NLVPMVATV observations, after removing 1765.
2020-06-13 20:33:55,472 - __main__ - INFO - Filtered down to 300 GILGFVFTL observations, after removing 2133.
2020-06-13 20:33:55,472 - __main__ - INFO - After downsampling, there are 1756 remaining entries...
2020-06-13 20:33:55,849 - matplotlib.legend - WARNING - No handles with labels found to put in legend.
2020-06-13 20:33:55,850 - matplotlib.legend - WARNING - No handles with labels found to put in legend.
2020-06-13 20:33:57,712 - matplotlib.backends.backend_pdf - WARNING - 'SourceSansPro-Bold.otf' can not be subsetted into a Type 3 font. The entire font will be embedded in the output.
2020-06-13 20:33:57,733 - matplotlib.backends.backend_pdf - WARNING - 'SourceSansPro-Regular.otf' can not be subsetted into a Type 3 font. The entire font will be embedded in the output.
2020-06-13 20:33:59,163 - __main__ - INFO - Saved processed full dataset to /media/pieter/DATA/Wetenschap/Doctoraat/projects/deepTCR/deepTCR/data/interim/vdjdb-2019-08-08/vdjdb-human-tra-mhci-no10x-size-down.csv.
2020-06-13 20:33:59,171 - __main__ - INFO - Saved processed CDR3-epitope dataset to /media/pieter/DATA/Wetenschap/Doctoraat/projects/deepTCR/deepTCR/data/interim/vdjdb-2019-08-08/vdjdb-human-tra-mhci-no10x-size-down.csv.
