2020-06-13 20:35:40,096 - __main__ - INFO - Command line call: Namespace(downsample=None, drop_spurious=True, hla='all', input='data/raw/vdjdb/vdjdb-2019-08-08/vdjdb.txt', keep_specific_epitopes=None, keep_specific_references=None, length_restriction=['10', '20', '8', '11'], mhc='MHCI', middle_only=True, middle_replaced=None, output='data/interim/vdjdb-2019-08-08/vdjdb-human-trb-mhci-no10x-size-middle-only.csv', species='human', specific_removal_epitope_reference=None, specific_removal_references=['10xgenomics'], tcr_chain='TRB', terminal_only=False, terminal_replaced=None)
2020-06-13 20:35:40,097 - __main__ - INFO - Filtering VDJdb data found at /media/pieter/DATA/Wetenschap/Doctoraat/projects/deepTCR/deepTCR/data/raw/vdjdb/vdjdb-2019-08-08/vdjdb.txt
2020-06-13 20:35:40,836 - __main__ - INFO - VDJdb dataset size is (75474, 21)
2020-06-13 20:35:47,600 - __main__ - INFO - Filtered down to 44378 TRB entries...
2020-06-13 20:35:47,648 - __main__ - INFO - Filtered down to 39771 human entries...
2020-06-13 20:35:47,688 - __main__ - INFO - Filtered down to 39302 non-spurious entries...
2020-06-13 20:35:47,728 - __main__ - INFO - Filtered down to 37922 MHCI entries...
2020-06-13 20:35:47,728 - __main__ - INFO - Not filtering on HLA type...
2020-06-13 20:35:47,728 - __main__ - INFO - Not removing any specific epitope-reference combination entries...
2020-06-13 20:35:47,772 - __main__ - INFO - Removed specific entries with reference(s) ['10xgenomics'], resulting in 17631 remaining entries...
2020-06-13 20:35:47,772 - __main__ - INFO - Not filtering on specific reference entries...
2020-06-13 20:35:47,826 - __main__ - INFO - Filtered on provided length restrictions (10<=CDR3<=20, 8<=epitope<=11), resulting in 17519 remaining entries...
2020-06-13 20:35:47,860 - __main__ - INFO - Removing 3331 duplicate CDR3-epitope pairs.
2020-06-13 20:35:47,861 - __main__ - INFO - Filtered dataset contains 14188 entries.
2020-06-13 20:35:48,155 - __main__ - INFO - Removing 67 duplicate CDR3-epitope pairs that were introduced after trimming or replacing middle/terminal amino acids in the CDR3 sequence.
2020-06-13 20:35:48,156 - __main__ - INFO - Filtered dataset contains 14121 entries.
2020-06-13 20:35:48,549 - matplotlib.legend - WARNING - No handles with labels found to put in legend.
2020-06-13 20:35:48,549 - matplotlib.legend - WARNING - No handles with labels found to put in legend.
2020-06-13 20:35:50,965 - matplotlib.backends.backend_pdf - WARNING - 'SourceSansPro-Bold.otf' can not be subsetted into a Type 3 font. The entire font will be embedded in the output.
2020-06-13 20:35:50,987 - matplotlib.backends.backend_pdf - WARNING - 'SourceSansPro-Regular.otf' can not be subsetted into a Type 3 font. The entire font will be embedded in the output.
2020-06-13 20:35:53,088 - __main__ - INFO - Saved processed full dataset to /media/pieter/DATA/Wetenschap/Doctoraat/projects/deepTCR/deepTCR/data/interim/vdjdb-2019-08-08/vdjdb-human-trb-mhci-no10x-size-middle-only.csv.
2020-06-13 20:35:53,135 - __main__ - INFO - Saved processed CDR3-epitope dataset to /media/pieter/DATA/Wetenschap/Doctoraat/projects/deepTCR/deepTCR/data/interim/vdjdb-2019-08-08/vdjdb-human-trb-mhci-no10x-size-middle-only.csv.
