2020-06-13 20:35:10,529 - __main__ - INFO - Command line call: Namespace(downsample=None, drop_spurious=True, hla='all', input='data/raw/vdjdb/vdjdb-2019-08-08/vdjdb.txt', keep_specific_epitopes=None, keep_specific_references=None, length_restriction=['10', '20', '8', '11'], mhc='MHCI', middle_only=False, middle_replaced='G', output='data/interim/vdjdb-2019-08-08/vdjdb-human-trb-mhci-no10x-size-middle-replaced.csv', species='human', specific_removal_epitope_reference=None, specific_removal_references=['10xgenomics'], tcr_chain='TRB', terminal_only=False, terminal_replaced=None)
2020-06-13 20:35:10,529 - __main__ - INFO - Filtering VDJdb data found at /media/pieter/DATA/Wetenschap/Doctoraat/projects/deepTCR/deepTCR/data/raw/vdjdb/vdjdb-2019-08-08/vdjdb.txt
2020-06-13 20:35:11,302 - __main__ - INFO - VDJdb dataset size is (75474, 21)
2020-06-13 20:35:17,983 - __main__ - INFO - Filtered down to 44378 TRB entries...
2020-06-13 20:35:18,035 - __main__ - INFO - Filtered down to 39771 human entries...
2020-06-13 20:35:18,075 - __main__ - INFO - Filtered down to 39302 non-spurious entries...
2020-06-13 20:35:18,122 - __main__ - INFO - Filtered down to 37922 MHCI entries...
2020-06-13 20:35:18,122 - __main__ - INFO - Not filtering on HLA type...
2020-06-13 20:35:18,122 - __main__ - INFO - Not removing any specific epitope-reference combination entries...
2020-06-13 20:35:18,161 - __main__ - INFO - Removed specific entries with reference(s) ['10xgenomics'], resulting in 17631 remaining entries...
2020-06-13 20:35:18,161 - __main__ - INFO - Not filtering on specific reference entries...
2020-06-13 20:35:18,209 - __main__ - INFO - Filtered on provided length restrictions (10<=CDR3<=20, 8<=epitope<=11), resulting in 17519 remaining entries...
2020-06-13 20:35:18,242 - __main__ - INFO - Removing 3331 duplicate CDR3-epitope pairs.
2020-06-13 20:35:18,243 - __main__ - INFO - Filtered dataset contains 14188 entries.
2020-06-13 20:35:18,529 - __main__ - INFO - Removing 12394 duplicate CDR3-epitope pairs that were introduced after trimming or replacing middle/terminal amino acids in the CDR3 sequence.
2020-06-13 20:35:18,530 - __main__ - INFO - Filtered dataset contains 1794 entries.
2020-06-13 20:35:18,838 - matplotlib.legend - WARNING - No handles with labels found to put in legend.
2020-06-13 20:35:18,838 - matplotlib.legend - WARNING - No handles with labels found to put in legend.
2020-06-13 20:35:21,594 - matplotlib.backends.backend_pdf - WARNING - 'SourceSansPro-Bold.otf' can not be subsetted into a Type 3 font. The entire font will be embedded in the output.
2020-06-13 20:35:21,619 - matplotlib.backends.backend_pdf - WARNING - 'SourceSansPro-Regular.otf' can not be subsetted into a Type 3 font. The entire font will be embedded in the output.
2020-06-13 20:35:23,666 - __main__ - INFO - Saved processed full dataset to /media/pieter/DATA/Wetenschap/Doctoraat/projects/deepTCR/deepTCR/data/interim/vdjdb-2019-08-08/vdjdb-human-trb-mhci-no10x-size-middle-replaced.csv.
2020-06-13 20:35:23,673 - __main__ - INFO - Saved processed CDR3-epitope dataset to /media/pieter/DATA/Wetenschap/Doctoraat/projects/deepTCR/deepTCR/data/interim/vdjdb-2019-08-08/vdjdb-human-trb-mhci-no10x-size-middle-replaced.csv.
