2019-11-21 10:20:36,176 - __main__ - INFO - Command line call: Namespace(hla='all', input='data/raw/vdjdb/vdjdb-all-species-tra-trb-non-paired.tsv', mhc='all', output='data/interim/vdjdb-human.csv', species='human', tcr_chain='all')
2019-11-21 10:20:36,176 - __main__ - INFO - Filtering VDJdb data found at /media/pieter/DATA/Wetenschap/Doctoraat/projects/deepTCR/deepTCR/data/raw/vdjdb/vdjdb-all-species-tra-trb-non-paired.tsv
2019-11-21 10:20:36,859 - __main__ - INFO - VDJdb dataset size is (73224, 17)
2019-11-21 10:20:36,859 - __main__ - INFO - Not filtering on TCR chain...
2019-11-21 10:20:36,881 - __main__ - INFO - Filtered down to 66597 human entries...
2019-11-21 10:20:36,882 - __main__ - INFO - Not filtering on MHC class...
2019-11-21 10:20:36,882 - __main__ - INFO - Not filtering on HLA type...
2019-11-21 10:20:36,916 - __main__ - INFO - Removing 11710 duplicate CDR3-epitope pairs.
2019-11-21 10:20:36,917 - __main__ - INFO - Filtered dataset contains 54887 entries.
2019-11-21 10:20:37,765 - __main__ - INFO - Saved processed dataset to /media/pieter/DATA/Wetenschap/Doctoraat/projects/deepTCR/deepTCR/data/interim/vdjdb-human.csv.
2019-11-25 17:47:14,454 - __main__ - INFO - Command line call: Namespace(drop_spurious=True, hla='all', input='data/raw/vdjdb/vdjdb-2019-08-08/vdjdb.txt', mhc='all', output='data/interim/vdjdb-human.csv', species='human', tcr_chain='all')
2019-11-25 17:47:14,460 - __main__ - INFO - Filtering VDJdb data found at /media/pieter/DATA/Wetenschap/Doctoraat/projects/deepTCR/deepTCR/data/raw/vdjdb/vdjdb-2019-08-08/vdjdb.txt
2019-11-25 17:47:15,034 - __main__ - INFO - VDJdb dataset size is (75474, 21)
2019-11-25 17:47:20,433 - __main__ - INFO - Not filtering on TCR chain...
2019-11-25 17:47:20,478 - __main__ - INFO - Filtered down to 68506 human entries...
2019-11-25 17:47:20,524 - __main__ - INFO - Filtered down to 66597 non-spurious entries...
2019-11-25 17:47:20,524 - __main__ - INFO - Not filtering on MHC class...
2019-11-25 17:47:20,525 - __main__ - INFO - Not filtering on HLA type...
2019-11-25 17:47:20,569 - __main__ - INFO - Removing 11710 duplicate CDR3-epitope pairs.
2019-11-25 17:47:20,569 - __main__ - INFO - Filtered dataset contains 54887 entries.
2019-11-25 17:47:21,271 - __main__ - INFO - Saved processed dataset to /media/pieter/DATA/Wetenschap/Doctoraat/projects/deepTCR/deepTCR/data/interim/vdjdb-human.csv.
2019-11-25 21:44:55,124 - __main__ - INFO - Command line call: Namespace(drop_spurious=True, hla='all', input='data/raw/vdjdb/vdjdb-2019-08-08/vdjdb.txt', mhc='all', output='data/interim/vdjdb-human.csv', species='human', specific_removal=['KLGGALQAK', '10xgenomics'], tcr_chain='all')
2019-11-25 21:44:55,125 - __main__ - INFO - Filtering VDJdb data found at /media/pieter/DATA/Wetenschap/Doctoraat/projects/deepTCR/deepTCR/data/raw/vdjdb/vdjdb-2019-08-08/vdjdb.txt
2019-11-25 21:44:55,693 - __main__ - INFO - VDJdb dataset size is (75474, 21)
2019-11-25 21:45:01,098 - __main__ - INFO - Not filtering on TCR chain...
2019-11-25 21:45:01,146 - __main__ - INFO - Filtered down to 68506 human entries...
2019-11-25 21:45:01,189 - __main__ - INFO - Filtered down to 66597 non-spurious entries...
2019-11-25 21:45:01,189 - __main__ - INFO - Not filtering on MHC class...
2019-11-25 21:45:01,189 - __main__ - INFO - Not filtering on HLA type...
2019-11-25 21:45:01,252 - __main__ - INFO - Removed specific entries with epitope sequence KLGGALQAK and reference 10xgenomics, resulting in 39275 remaining entries...
2019-11-25 21:45:01,271 - __main__ - INFO - Removing 8429 duplicate CDR3-epitope pairs.
2019-11-25 21:45:01,271 - __main__ - INFO - Filtered dataset contains 30846 entries.
2019-11-25 21:45:01,676 - __main__ - INFO - Saved processed dataset to /media/pieter/DATA/Wetenschap/Doctoraat/projects/deepTCR/deepTCR/data/interim/vdjdb-human.csv.
