2019-11-21 10:20:44,419 - __main__ - INFO - Command line call: Namespace(hla='all', input='data/raw/vdjdb/vdjdb-all-species-tra-trb-non-paired.tsv', mhc='all', output='data/interim/vdjdb-human-trb.csv', species='human', tcr_chain='TRB')
2019-11-21 10:20:44,420 - __main__ - INFO - Filtering VDJdb data found at /media/pieter/DATA/Wetenschap/Doctoraat/projects/deepTCR/deepTCR/data/raw/vdjdb/vdjdb-all-species-tra-trb-non-paired.tsv
2019-11-21 10:20:45,089 - __main__ - INFO - VDJdb dataset size is (73224, 17)
2019-11-21 10:20:45,110 - __main__ - INFO - Filtered down to 43745 TRB entries...
2019-11-21 10:20:45,127 - __main__ - INFO - Filtered down to 39302 human entries...
2019-11-21 10:20:45,128 - __main__ - INFO - Not filtering on MHC class...
2019-11-21 10:20:45,128 - __main__ - INFO - Not filtering on HLA type...
2019-11-21 10:20:45,152 - __main__ - INFO - Removing 6663 duplicate CDR3-epitope pairs.
2019-11-21 10:20:45,153 - __main__ - INFO - Filtered dataset contains 32639 entries.
2019-11-21 10:20:45,665 - __main__ - INFO - Saved processed dataset to /media/pieter/DATA/Wetenschap/Doctoraat/projects/deepTCR/deepTCR/data/interim/vdjdb-human-trb.csv.
2019-11-25 17:48:34,410 - __main__ - INFO - Command line call: Namespace(drop_spurious=True, hla='all', input='data/raw/vdjdb/vdjdb-2019-08-08/vdjdb.txt', mhc='all', output='data/interim/vdjdb-human-trb.csv', species='human', tcr_chain='TRB')
2019-11-25 17:48:34,416 - __main__ - INFO - Filtering VDJdb data found at /media/pieter/DATA/Wetenschap/Doctoraat/projects/deepTCR/deepTCR/data/raw/vdjdb/vdjdb-2019-08-08/vdjdb.txt
2019-11-25 17:48:34,979 - __main__ - INFO - VDJdb dataset size is (75474, 21)
2019-11-25 17:48:40,621 - __main__ - INFO - Filtered down to 44378 TRB entries...
2019-11-25 17:48:40,647 - __main__ - INFO - Filtered down to 39771 human entries...
2019-11-25 17:48:40,674 - __main__ - INFO - Filtered down to 39302 non-spurious entries...
2019-11-25 17:48:40,674 - __main__ - INFO - Not filtering on MHC class...
2019-11-25 17:48:40,675 - __main__ - INFO - Not filtering on HLA type...
2019-11-25 17:48:40,712 - __main__ - INFO - Removing 6663 duplicate CDR3-epitope pairs.
2019-11-25 17:48:40,712 - __main__ - INFO - Filtered dataset contains 32639 entries.
2019-11-25 17:48:41,148 - __main__ - INFO - Saved processed dataset to /media/pieter/DATA/Wetenschap/Doctoraat/projects/deepTCR/deepTCR/data/interim/vdjdb-human-trb.csv.
2019-11-25 21:44:01,279 - __main__ - INFO - Command line call: Namespace(drop_spurious=True, hla='all', input='data/raw/vdjdb/vdjdb-2019-08-08/vdjdb.txt', mhc='all', output='data/interim/vdjdb-human-trb.csv', species='human', specific_removal=['KLGGALQAK', '10xgenomics'], tcr_chain='TRB')
2019-11-25 21:44:01,279 - __main__ - INFO - Filtering VDJdb data found at /media/pieter/DATA/Wetenschap/Doctoraat/projects/deepTCR/deepTCR/data/raw/vdjdb/vdjdb-2019-08-08/vdjdb.txt
2019-11-25 21:44:01,894 - __main__ - INFO - VDJdb dataset size is (75474, 21)
2019-11-25 21:44:07,342 - __main__ - INFO - Filtered down to 44378 TRB entries...
2019-11-25 21:44:07,373 - __main__ - INFO - Filtered down to 39771 human entries...
2019-11-25 21:44:07,398 - __main__ - INFO - Filtered down to 39302 non-spurious entries...
2019-11-25 21:44:07,398 - __main__ - INFO - Not filtering on MHC class...
2019-11-25 21:44:07,399 - __main__ - INFO - Not filtering on HLA type...
2019-11-25 21:44:07,433 - __main__ - INFO - Removed specific entries with epitope sequence KLGGALQAK and reference 10xgenomics, resulting in 25381 remaining entries...
2019-11-25 21:44:07,447 - __main__ - INFO - Removing 5357 duplicate CDR3-epitope pairs.
2019-11-25 21:44:07,447 - __main__ - INFO - Filtered dataset contains 20024 entries.
2019-11-25 21:44:07,705 - __main__ - INFO - Saved processed dataset to /media/pieter/DATA/Wetenschap/Doctoraat/projects/deepTCR/deepTCR/data/interim/vdjdb-human-trb.csv.
