2019-12-02 15:12:22,097 - __main__ - INFO - Command line call: Namespace(drop_spurious=True, hla='all', input='data/raw/vdjdb/vdjdb-2019-08-08/vdjdb.txt', keep_specific_references=['10xgenomics'], mhc='MHCI', output='data/interim/vdjdb-human-trb-mhci-10xonly.csv', species='human', specific_removal=None, specific_removal_references=None, tcr_chain='TRB')
2019-12-02 15:12:22,097 - __main__ - INFO - Filtering VDJdb data found at /media/pieter/DATA/Wetenschap/Doctoraat/projects/deepTCR/deepTCR/data/raw/vdjdb/vdjdb-2019-08-08/vdjdb.txt
2019-12-02 15:12:22,675 - __main__ - INFO - VDJdb dataset size is (75474, 21)
2019-12-02 15:12:28,047 - __main__ - INFO - Filtered down to 44378 TRB entries...
2019-12-02 15:12:28,078 - __main__ - INFO - Filtered down to 39771 human entries...
2019-12-02 15:12:28,104 - __main__ - INFO - Filtered down to 39302 non-spurious entries...
2019-12-02 15:12:28,132 - __main__ - INFO - Filtered down to 37922 MHCI entries...
2019-12-02 15:12:28,132 - __main__ - INFO - Not filtering on HLA type...
2019-12-02 15:12:28,132 - __main__ - INFO - Not removing any specific epitope-reference combination entries...
2019-12-02 15:12:28,132 - __main__ - INFO - Not removing any specific reference entries...
2019-12-02 15:12:28,159 - __main__ - INFO - Filtered on specific entries with reference(s) ['10xgenomics'], resulting in 20291 remaining entries...
2019-12-02 15:12:28,171 - __main__ - INFO - Removing 3009 duplicate CDR3-epitope pairs.
2019-12-02 15:12:28,172 - __main__ - INFO - Filtered dataset contains 17282 entries.
2019-12-02 15:12:28,398 - __main__ - INFO - Saved processed dataset to /media/pieter/DATA/Wetenschap/Doctoraat/projects/deepTCR/deepTCR/data/interim/vdjdb-human-trb-mhci-10xonly.csv.
2019-12-02 15:13:14,562 - __main__ - INFO - Command line call: Namespace(drop_spurious=True, hla='all', input='data/raw/vdjdb/vdjdb-2019-08-08/vdjdb.txt', keep_specific_references=['10xgenomics'], mhc='MHCI', output='data/interim/vdjdb-human-trb-mhci-10xonly.csv', species='human', specific_removal=None, specific_removal_references=None, tcr_chain='TRB')
2019-12-02 15:13:14,563 - __main__ - INFO - Filtering VDJdb data found at /media/pieter/DATA/Wetenschap/Doctoraat/projects/deepTCR/deepTCR/data/raw/vdjdb/vdjdb-2019-08-08/vdjdb.txt
2019-12-02 15:13:15,135 - __main__ - INFO - VDJdb dataset size is (75474, 21)
2019-12-02 15:13:23,427 - __main__ - INFO - Command line call: Namespace(drop_spurious=True, hla='all', input='data/raw/vdjdb/vdjdb-2019-08-08/vdjdb.txt', keep_specific_references=['10xgenomics'], mhc='MHCI', output='data/interim/vdjdb-human-trb-mhci-10xonly.csv', species='human', specific_removal=None, specific_removal_references=None, tcr_chain='TRB')
2019-12-02 15:13:23,427 - __main__ - INFO - Filtering VDJdb data found at /media/pieter/DATA/Wetenschap/Doctoraat/projects/deepTCR/deepTCR/data/raw/vdjdb/vdjdb-2019-08-08/vdjdb.txt
2019-12-02 15:13:24,006 - __main__ - INFO - VDJdb dataset size is (75474, 21)
2019-12-02 15:13:29,374 - __main__ - INFO - Filtered down to 44378 TRB entries...
2019-12-02 15:13:29,404 - __main__ - INFO - Filtered down to 39771 human entries...
2019-12-02 15:13:29,430 - __main__ - INFO - Filtered down to 39302 non-spurious entries...
2019-12-02 15:13:29,458 - __main__ - INFO - Filtered down to 37922 MHCI entries...
2019-12-02 15:13:29,458 - __main__ - INFO - Not filtering on HLA type...
2019-12-02 15:13:29,459 - __main__ - INFO - Not removing any specific epitope-reference combination entries...
2019-12-02 15:13:29,459 - __main__ - INFO - Not removing any specific reference entries...
2019-12-02 15:13:29,485 - __main__ - INFO - Filtered on specific entries with reference(s) ['10xgenomics'], resulting in 20291 remaining entries...
2019-12-02 15:13:29,496 - __main__ - INFO - Removing 3009 duplicate CDR3-epitope pairs.
2019-12-02 15:13:29,496 - __main__ - INFO - Filtered dataset contains 17282 entries.
2019-12-02 15:13:29,718 - __main__ - INFO - Saved processed dataset to /media/pieter/DATA/Wetenschap/Doctoraat/projects/deepTCR/deepTCR/data/interim/vdjdb-human-trb-mhci-10xonly.csv.
