2020-07-24 19:18:39,677 - root - INFO - CLI argument activation_function_conv: 'relu'
2020-07-24 19:18:39,678 - root - INFO - CLI argument activation_function_dense: 'relu'
2020-07-24 19:18:39,679 - root - INFO - CLI argument augment_amount: None
2020-07-24 19:18:39,679 - root - INFO - CLI argument batch_size: 32
2020-07-24 19:18:39,680 - root - INFO - CLI argument cross_validation: None
2020-07-24 19:18:39,680 - root - INFO - CLI argument data_path: '/scratch/antwerpen/203/vsc20380/deepTCR/deepTCR/data/interim/vdjdb-2019-08-08/vdjdb-human-trb-mhci-no10x-size-down400.csv'
2020-07-24 19:18:39,681 - root - INFO - CLI argument depth1_1: 128
2020-07-24 19:18:39,681 - root - INFO - CLI argument depth1_2: 64
2020-07-24 19:18:39,682 - root - INFO - CLI argument depth2_1: 128
2020-07-24 19:18:39,682 - root - INFO - CLI argument depth2_2: 64
2020-07-24 19:18:39,683 - root - INFO - CLI argument disable_file_log: True
2020-07-24 19:18:39,683 - root - INFO - CLI argument dropout1: None
2020-07-24 19:18:39,684 - root - INFO - CLI argument dropout2: None
2020-07-24 19:18:39,684 - root - INFO - CLI argument dropout_conv: 0.25
2020-07-24 19:18:39,684 - root - INFO - CLI argument dropout_dense: None
2020-07-24 19:18:39,685 - root - INFO - CLI argument epitope_ratio: False
2020-07-24 19:18:39,685 - root - INFO - CLI argument epochs: 20
2020-07-24 19:18:39,686 - root - INFO - CLI argument features: 'hydrophob,isoelectric,mass,hydrophil'
2020-07-24 19:18:39,686 - root - INFO - CLI argument full_dataset_path: '/scratch/antwerpen/203/vsc20380/deepTCR/deepTCR/data/interim/vdjdb-2019-08-08/vdjdb-human.csv'
2020-07-24 19:18:39,687 - root - INFO - CLI argument gap: False
2020-07-24 19:18:39,687 - root - INFO - CLI argument learning_rate: 0.0001
2020-07-24 19:18:39,688 - root - INFO - CLI argument max_length_cdr3: 20
2020-07-24 19:18:39,688 - root - INFO - CLI argument max_length_epitope: 11
2020-07-24 19:18:39,688 - root - INFO - CLI argument min_length_cdr3: 10
2020-07-24 19:18:39,689 - root - INFO - CLI argument min_length_epitope: 8
2020-07-24 19:18:39,689 - root - INFO - CLI argument model: 'model_padded'
2020-07-24 19:18:39,690 - root - INFO - CLI argument n_folds: None
2020-07-24 19:18:39,690 - root - INFO - CLI argument name: 'trbmhcidown-shuffle-padded-b32-lre4-reg001'
2020-07-24 19:18:39,691 - root - INFO - CLI argument neg_augment: None
2020-07-24 19:18:39,691 - root - INFO - CLI argument neg_gen_full: False
2020-07-24 19:18:39,692 - root - INFO - CLI argument neg_ratio: 0.5
2020-07-24 19:18:39,692 - root - INFO - CLI argument neg_ref: None
2020-07-24 19:18:39,692 - root - INFO - CLI argument no_validation: True
2020-07-24 19:18:39,693 - root - INFO - CLI argument operator: 'absdiff'
2020-07-24 19:18:39,693 - root - INFO - CLI argument optimizer: 'rmsprop'
2020-07-24 19:18:39,694 - root - INFO - CLI argument regularization: 0.01
2020-07-24 19:18:39,694 - root - INFO - CLI argument reverse_augment: False
2020-07-24 19:18:39,694 - root - INFO - CLI argument val_split: None
2020-07-24 19:18:39,695 - root - INFO - CLI argument validation_data: None
2020-07-24 19:18:39,802 - __main__ - INFO - features: [Hydrophobicity(), IsoelectricPoint(), Mass(), Hydrophilicity()]
2020-07-24 19:18:39,802 - __main__ - INFO - operator: AbsDifferenceOperator()
2020-07-24 19:18:39,803 - __main__ - INFO - neg_ref: None
2020-07-24 19:18:39,803 - __main__ - INFO - cv_type: None
2020-07-24 19:18:39,804 - __main__ - INFO - neg_gen_full: False
2020-07-24 19:18:39,804 - __main__ - INFO - Filtered CDR3 sequences to length: (10, 20)
2020-07-24 19:18:39,805 - __main__ - INFO - Filtered epitope sequences to length: (8, 11)
2020-07-24 19:18:39,806 - __main__ - INFO - Built model 2020-07-24_19-18-39_trbmhcidown-shuffle-padded-b32-lre4-reg001:
2020-07-24 19:18:39,806 - __main__ - INFO - Generating negative examples through shuffling within each train/test fold.
2020-07-24 19:18:39,807 - __main__ - INFO - Not performing (cross-)validation; training model on all supplied data.
2020-07-24 19:18:40,763 - src.processing.negative_sampler - INFO - Generating 6702 negatives by shuffling the positive sequence pairs.
2020-07-24 19:18:40,764 - src.processing.negative_sampler - INFO - Using /scratch/antwerpen/203/vsc20380/deepTCR/deepTCR/data/interim/vdjdb-2019-08-08/vdjdb-human.csv to avoid generating false negatives.
2020-07-24 19:18:41,014 - src.processing.negative_sampler - INFO - Negatives will be generated by sampling a single epitope for each CDR3 sequence.
2020-07-24 19:19:04,291 - src.processing.negative_sampler - INFO - Generated 6702 negative sequence pairs by shuffling the 6702 positive pairs.
2020-07-24 19:19:04,357 - src.processing.padded_dataset_generator - INFO - Saving train/test fold in: /scratch/antwerpen/203/vsc20380/deepTCR/deepTCR/models/models/2020-07-24_19-18-39_trbmhcidown-shuffle-padded-b32-lre4-reg001/iteration_no_validation/train.csv
2020-07-24 19:19:29,867 - src.neural.trainer - INFO - Fitting CNN
2020-07-24 19:19:29,874 - src.neural.trainer - INFO - Using 28 workers
