2020-07-30 11:30:27,779 - root - INFO - CLI argument activation_function_conv: 'relu'
2020-07-30 11:30:27,781 - root - INFO - CLI argument activation_function_dense: 'relu'
2020-07-30 11:30:27,782 - root - INFO - CLI argument augment_amount: None
2020-07-30 11:30:27,782 - root - INFO - CLI argument batch_size: 32
2020-07-30 11:30:27,783 - root - INFO - CLI argument cross_validation: None
2020-07-30 11:30:27,784 - root - INFO - CLI argument data_path: '/scratch/antwerpen/203/vsc20380/deepTCR/deepTCR/data/interim/vdjdb-2019-08-08/vdjdb-human-trb-mhci-no10x-size.csv'
2020-07-30 11:30:27,785 - root - INFO - CLI argument depth1_1: 128
2020-07-30 11:30:27,786 - root - INFO - CLI argument depth1_2: 64
2020-07-30 11:30:27,787 - root - INFO - CLI argument depth2_1: 128
2020-07-30 11:30:27,787 - root - INFO - CLI argument depth2_2: 64
2020-07-30 11:30:27,788 - root - INFO - CLI argument disable_file_log: True
2020-07-30 11:30:27,789 - root - INFO - CLI argument dropout1: None
2020-07-30 11:30:27,789 - root - INFO - CLI argument dropout2: None
2020-07-30 11:30:27,790 - root - INFO - CLI argument dropout_conv: 0.25
2020-07-30 11:30:27,790 - root - INFO - CLI argument dropout_dense: None
2020-07-30 11:30:27,791 - root - INFO - CLI argument epitope_ratio: False
2020-07-30 11:30:27,792 - root - INFO - CLI argument epochs: 20
2020-07-30 11:30:27,793 - root - INFO - CLI argument features: 'hydrophob,isoelectric,mass,hydrophil'
2020-07-30 11:30:27,793 - root - INFO - CLI argument full_dataset_path: '/scratch/antwerpen/203/vsc20380/deepTCR/deepTCR/data/interim/vdjdb-2019-08-08/vdjdb-human.csv'
2020-07-30 11:30:27,794 - root - INFO - CLI argument gap: False
2020-07-30 11:30:27,794 - root - INFO - CLI argument learning_rate: 0.0001
2020-07-30 11:30:27,795 - root - INFO - CLI argument max_length_cdr3: 20
2020-07-30 11:30:27,796 - root - INFO - CLI argument max_length_epitope: 11
2020-07-30 11:30:27,796 - root - INFO - CLI argument min_length_cdr3: 10
2020-07-30 11:30:27,797 - root - INFO - CLI argument min_length_epitope: 8
2020-07-30 11:30:27,798 - root - INFO - CLI argument model: 'model_padded'
2020-07-30 11:30:27,798 - root - INFO - CLI argument n_folds: None
2020-07-30 11:30:27,799 - root - INFO - CLI argument name: 'trbmhci-shuffle-padded-b32-lre4-reg001'
2020-07-30 11:30:27,800 - root - INFO - CLI argument neg_augment: None
2020-07-30 11:30:27,800 - root - INFO - CLI argument neg_gen_full: False
2020-07-30 11:30:27,801 - root - INFO - CLI argument neg_ratio: 0.5
2020-07-30 11:30:27,801 - root - INFO - CLI argument neg_ref: None
2020-07-30 11:30:27,802 - root - INFO - CLI argument no_validation: True
2020-07-30 11:30:27,802 - root - INFO - CLI argument operator: 'absdiff'
2020-07-30 11:30:27,803 - root - INFO - CLI argument optimizer: 'rmsprop'
2020-07-30 11:30:27,804 - root - INFO - CLI argument regularization: 0.01
2020-07-30 11:30:27,804 - root - INFO - CLI argument reverse_augment: False
2020-07-30 11:30:27,805 - root - INFO - CLI argument val_split: None
2020-07-30 11:30:27,805 - root - INFO - CLI argument validation_data: None
2020-07-30 11:30:27,924 - __main__ - INFO - features: [Hydrophobicity(), IsoelectricPoint(), Mass(), Hydrophilicity()]
2020-07-30 11:30:27,925 - __main__ - INFO - operator: AbsDifferenceOperator()
2020-07-30 11:30:27,926 - __main__ - INFO - neg_ref: None
2020-07-30 11:30:27,927 - __main__ - INFO - cv_type: None
2020-07-30 11:30:27,928 - __main__ - INFO - neg_gen_full: False
2020-07-30 11:30:27,929 - __main__ - INFO - Filtered CDR3 sequences to length: (10, 20)
2020-07-30 11:30:27,930 - __main__ - INFO - Filtered epitope sequences to length: (8, 11)
2020-07-30 11:30:27,931 - __main__ - INFO - Built model 2020-07-30_11-30-27_trbmhci-shuffle-padded-b32-lre4-reg001:
2020-07-30 11:30:27,932 - __main__ - INFO - Generating negative examples through shuffling within each train/test fold.
2020-07-30 11:30:27,933 - __main__ - INFO - Not performing (cross-)validation; training model on all supplied data.
2020-07-30 11:30:29,689 - src.processing.negative_sampler - INFO - Generating 14188 negatives by shuffling the positive sequence pairs.
2020-07-30 11:30:29,698 - src.processing.negative_sampler - INFO - Using /scratch/antwerpen/203/vsc20380/deepTCR/deepTCR/data/interim/vdjdb-2019-08-08/vdjdb-human.csv to avoid generating false negatives.
2020-07-30 11:30:29,831 - src.processing.negative_sampler - INFO - Negatives will be generated by sampling a single epitope for each CDR3 sequence.
2020-07-30 11:31:22,426 - src.processing.negative_sampler - INFO - Generated 14188 negative sequence pairs by shuffling the 14188 positive pairs.
2020-07-30 11:31:22,491 - src.processing.padded_dataset_generator - INFO - Saving train/test fold in: /scratch/antwerpen/203/vsc20380/deepTCR/deepTCR/models/models/2020-07-30_11-30-27_trbmhci-shuffle-padded-b32-lre4-reg001/iteration_no_validation/train.csv
2020-07-30 11:31:45,844 - src.neural.trainer - INFO - Fitting CNN
2020-07-30 11:31:45,845 - src.neural.trainer - INFO - Using 28 workers
