2020-08-18 12:40:14,076 - __main__ - INFO - Command line call: Namespace(input='./data/raw/McPAS-TCR.csv', length_restriction=['10', '20', '8', '11'], mhc='MHCI', output='./data/interim/mcpas/mcpas-human-trb-mhci-size.csv', species='human', vdjdb_dataset='./data/interim/vdjdb-2019-08-08/vdjdb-human-trb-mhci-no10x-size.csv')
2020-08-18 12:40:14,077 - __main__ - INFO - Filtering McPAS data found at /media/pieter/DATA/Wetenschap/Doctoraat/projects/deepTCR/deepTCR/data/raw/McPAS-TCR.csv
2020-08-18 12:40:14,191 - __main__ - INFO - McPAS dataset size is (21885, 30)
2020-08-18 12:40:14,231 - __main__ - INFO - Filtered down to 18179 human entries...
2020-08-18 12:40:14,237 - __main__ - INFO - Filtered down to 12879 MHCI entries...
2020-08-18 12:40:14,240 - __main__ - INFO - Filtered down to 12879 entries determined by tetramer assay or stimulation with a peptide...
2020-08-18 12:40:14,244 - __main__ - INFO - Filtered down to 12816 entries without remarks...
2020-08-18 12:40:14,262 - __main__ - INFO - Filtered on provided length restrictions (10<=CDR3<=20, 8<=epitope<=11), resulting in 9018 remaining entries...
2020-08-18 12:40:14,268 - __main__ - INFO - Removing 1238 duplicate CDR3-epitope pairs.
2020-08-18 12:40:14,272 - __main__ - INFO - Removing 0 CDR3-epitope pairs with missing values.
2020-08-18 12:40:14,272 - __main__ - INFO - Filtered dataset contains 7780 entries.
2020-08-18 12:40:15,473 - matplotlib.backends.backend_pdf - WARNING - 'SourceSansPro-Bold.otf' can not be subsetted into a Type 3 font. The entire font will be embedded in the output.
2020-08-18 12:40:15,488 - matplotlib.backends.backend_pdf - WARNING - 'SourceSansPro-Regular.otf' can not be subsetted into a Type 3 font. The entire font will be embedded in the output.
2020-08-18 12:40:16,080 - __main__ - INFO - Saved processed McPAS dataset to /media/pieter/DATA/Wetenschap/Doctoraat/projects/deepTCR/deepTCR/data/interim/mcpas/mcpas-human-trb-mhci-size.csv.
2020-08-18 12:40:16,089 - __main__ - INFO - VDJdb dataset size is (14188, 2)
2020-08-18 12:40:16,090 - __main__ - INFO - Extracting epitopes that are NOT present in the supplied VDJdb dataset data/interim/vdjdb-2019-08-08/vdjdb-human-trb-mhci-no10x-size.csv entries.
2020-08-18 12:40:16,092 - __main__ - INFO - Filtered unique epitopes dataset contains 736 entries.
2020-08-18 12:40:16,756 - matplotlib.backends.backend_pdf - WARNING - 'SourceSansPro-Bold.otf' can not be subsetted into a Type 3 font. The entire font will be embedded in the output.
2020-08-18 12:40:16,770 - matplotlib.backends.backend_pdf - WARNING - 'SourceSansPro-Regular.otf' can not be subsetted into a Type 3 font. The entire font will be embedded in the output.
2020-08-18 12:40:17,259 - __main__ - INFO - Saved processed unique epitope McPAS dataset to /media/pieter/DATA/Wetenschap/Doctoraat/projects/deepTCR/deepTCR/data/interim/mcpas/mcpas-human-trb-mhci-size-unique.csv.
2020-08-18 12:40:17,259 - __main__ - INFO - Extracting epitopes that ARE present in the supplied VDJdb dataset data/interim/vdjdb-2019-08-08/vdjdb-human-trb-mhci-no10x-size.csv entries.
2020-08-18 12:40:17,262 - __main__ - INFO - McPAS shares 47 epitopes with VDJdb dataset, resulting in 7044 entries.
2020-08-18 12:40:17,288 - __main__ - INFO - Removing CDR3-epitope pairs that are identical to those in the supplied VDJdb dataset data/interim/vdjdb-2019-08-08/vdjdb-human-trb-mhci-no10x-size.csv entries.
2020-08-18 12:40:17,289 - __main__ - INFO - Filtered shared epitopes dataset contains 4101 unique entries.
2020-08-18 12:40:18,008 - matplotlib.backends.backend_pdf - WARNING - 'SourceSansPro-Bold.otf' can not be subsetted into a Type 3 font. The entire font will be embedded in the output.
2020-08-18 12:40:18,023 - matplotlib.backends.backend_pdf - WARNING - 'SourceSansPro-Regular.otf' can not be subsetted into a Type 3 font. The entire font will be embedded in the output.
2020-08-18 12:40:18,591 - __main__ - INFO - Saved processed shared epitope McPAS dataset to /media/pieter/DATA/Wetenschap/Doctoraat/projects/deepTCR/deepTCR/data/interim/mcpas/mcpas-human-trb-mhci-size-shared.csv.
